<?xml version="1.0" encoding="UTF-8"?>
<!-- Generated by org.testng.reporters.JUnitReportReporter -->
<testsuite skipped="0" hostname="Lenovo" name="com.hellofresh.challenge.CheckOutTest" tests="1" failures="0" timestamp="18 Aug 2018 13:21:21 GMT" time="53.923" errors="0">
  <testcase name="CheckOut" time="53.923" classname="com.hellofresh.challenge.CheckOutTest"/>
</testsuite> <!-- com.hellofresh.challenge.CheckOutTest -->
