<?xml version="1.0" encoding="UTF-8"?>
<!-- Generated by org.testng.reporters.JUnitReportReporter -->
<testsuite skipped="0" hostname="Lenovo" name="com.hellofresh.challenge.SignInTest" tests="2" failures="0" timestamp="18 Aug 2018 13:21:21 GMT" time="63.401" errors="0">
  <testcase name="signInTest" time="43.568" classname="com.hellofresh.challenge.SignInTest"/>
  <testcase name="signInTest" time="19.833" classname="com.hellofresh.challenge.SignInTest"/>
</testsuite> <!-- com.hellofresh.challenge.SignInTest -->
